<?xml version="1.0" encoding="UTF-8"?>
<!-- Generated by org.testng.reporters.JUnitXMLReporter -->
<testsuite ignored="4" hostname="DESKTOP-EVVE8QT" failures="0" tests="2" name="Test" time="0.06" errors="0" timestamp="2022-01-22T13:36:12 IST">
  <testcase classname="com.crm.GenericUtility_Test.BaseAnnotationClass" name="@BeforeMethod configBM" time="0.0">
    <failure type="java.lang.NullPointerException" message="Cannot invoke &amp;quot;org.openqa.selenium.WebDriver.manage()&amp;quot; because &amp;quot;driver&amp;quot; is null">
      <![CDATA[java.lang.NullPointerException: Cannot invoke "org.openqa.selenium.WebDriver.manage()" because "driver" is null
at com.crm.GenericUtility_Test.WebDriverUtility.maximizeThePage(WebDriverUtility.java:217)
at com.crm.GenericUtility_Test.BaseAnnotationClass.configBM(BaseAnnotationClass.java:67)
at java.base/java.util.ArrayList.forEach(ArrayList.java:1511)
... Removed 31 stack frames]]>
    </failure>
  </testcase> <!-- @BeforeMethod configBM -->
  <testcase classname="com.crm.GenericUtility_Test.BaseAnnotationClass" name="@AfterMethod configAM" time="-1.642838772708E9">
    <skipped/>
  </testcase> <!-- @AfterMethod configAM -->
  <testcase classname="com.crm.GenericUtility_Test.BaseAnnotationClass" name="@AfterClass configAC" time="-1.642838772712E9">
    <skipped/>
  </testcase> <!-- @AfterClass configAC -->
  <testcase classname="com.crm.GenericUtility_Test.BaseAnnotationClass" name="@BeforeMethod configBM" time="0.001">
    <failure type="java.lang.NullPointerException" message="Cannot invoke &amp;quot;org.openqa.selenium.WebDriver.manage()&amp;quot; because &amp;quot;driver&amp;quot; is null">
      <![CDATA[java.lang.NullPointerException: Cannot invoke "org.openqa.selenium.WebDriver.manage()" because "driver" is null
at com.crm.GenericUtility_Test.WebDriverUtility.maximizeThePage(WebDriverUtility.java:217)
at com.crm.GenericUtility_Test.BaseAnnotationClass.configBM(BaseAnnotationClass.java:67)
at java.base/java.util.ArrayList.forEach(ArrayList.java:1511)
... Removed 31 stack frames]]>
    </failure>
  </testcase> <!-- @BeforeMethod configBM -->
  <testcase classname="com.crm.GenericUtility_Test.BaseAnnotationClass" name="@AfterMethod configAM" time="-1.642838772723E9">
    <skipped/>
  </testcase> <!-- @AfterMethod configAM -->
  <testcase classname="com.crm.GenericUtility_Test.BaseAnnotationClass" name="@AfterClass configAC" time="-1.642838772725E9">
    <skipped/>
  </testcase> <!-- @AfterClass configAC -->
  <testcase classname="com.crm.comcast.contactsTest.CreateContactsTest" name="createContacts" time="0.0">
    <skipped/>
  </testcase> <!-- createContacts -->
  <testcase classname="com.crm.vtiger.organizationTest.CreateOrganizationtest" name="createOrganization" time="0.0">
    <skipped/>
  </testcase> <!-- createOrganization -->
  <testcase classname="com.crm.comcast.contactsTest.CreateContactsTest" name="createContactsWithOrg" time="0.0">
    <ignored/>
  </testcase> <!-- createContactsWithOrg -->
  <testcase classname="com.crm.vtiger.organizationTest.CreateOrganizationtest" name="createOrgWithIndType" time="0.0">
    <ignored/>
  </testcase> <!-- createOrgWithIndType -->
  <testcase classname="com.crm.GenericUtility_Test.BaseAnnotationClass" name="@BeforeSuite configBS" time="0.0">
    <ignored/>
  </testcase> <!-- @BeforeSuite configBS -->
  <testcase classname="com.crm.GenericUtility_Test.BaseAnnotationClass" name="@AfterSuite configAS" time="0.0">
    <ignored/>
  </testcase> <!-- @AfterSuite configAS -->
</testsuite> <!-- Test -->
